build/app/outputs/mapping/release/seeds.txt
com.example.covapp19.MainActivity
com.example.covapp19.MainActivity: MainActivity()
...
androidx.window.embedding.SplitController: boolean sDebug
androidx.window.layout.WindowInfoTracker: kotlinx.coroutines.flow.Flow windowLayoutInfo(android.app.Activity)
androidx.window.embedding.SplitPairRule: boolean clearTop
androidx.window.embedding.EmptyEmbeddingComponent
androidx.window.layout.WindowMetricsCalculator$Companion$reset$1
io.flutter.embedding.engine.systemchannels.SettingsChannel$PlatformBrightness: io.flutter.embedding.engine.systemchannels.SettingsChannel$PlatformBrightness[] values()
androidx.window.embedding.EmbeddingAdapter: java.util.function.Predicate translateActivityPredicates(java.util.Set)
io.flutter.embedding.engine.systemchannels.TextInputChannel$TextCapitalization: io.flutter.embedding.engine.systemchannels.TextInputChannel$TextCapitalization[] values()
androidx.window.layout.WindowInfoTrackerImpl$windowLayoutInfo$1: void invokeSuspend$lambda-0(kotlinx.coroutines.channels.Channel,androidx.window.layout.WindowLayoutInfo)
androidx.window.embedding.SplitController: androidx.window.embedding.EmbeddingBackend embeddingBackend
androidx.window.core.Version: androidx.window.core.Version$Companion Companion
android.support.v4.graphics.drawable.IconCompatParcelizer: androidx.core.graphics.drawable.IconCompat read(androidx.versionedparcelable.VersionedParcel)
androidx.window.layout.WindowInfoTrackerImpl$windowLayoutInfo$1
androidx.window.layout.SidecarWindowBackend$Companion
io.flutter.embedding.engine.FlutterOverlaySurface: android.view.Surface getSurface()
io.flutter.embedding.engine.FlutterJNI: void notifyLowMemoryWarning()
kotlin.coroutines.AbstractCoroutineContextElement: kotlin.coroutines.CoroutineContext$Key key
androidx.window.embedding.ActivityFilter: boolean equals(java.lang.Object)
androidx.window.layout.WindowMetricsCalculator$Companion: androidx.window.layout.WindowMetricsCalculator$Companion $$INSTANCE
kotlin.coroutines.AbstractCoroutineContextElement: kotlin.coroutines.CoroutineContext$Key getKey()
androidx.window.core.Version: java.lang.String VERSION_PATTERN_STRING
androidx.window.layout.FoldingFeature$State$Companion: FoldingFeature$State$Companion(kotlin.jvm.internal.DefaultConstructorMarker)
androidx.window.java.R
androidx.window.embedding.SplitPairRule: boolean equals(java.lang.Object)
kotlin.jvm.internal.CallableReference: java.util.List getTypeParameters()
androidx.window.R$styleable: int SplitPairRule_splitRatio
androidx.window.embedding.EmbeddingTranslatingCallback: void accept(java.util.List)
io.flutter.embedding.engine.FlutterJNI: boolean nativeFlutterTextUtilsIsEmojiModifier(int)
kotlin.coroutines.jvm.internal.ContinuationImpl: kotlin.coroutines.Continuation intercepted
androidx.window.embedding.EmbeddingCompat$Companion: EmbeddingCompat$Companion()
androidx.window.embedding.EmbeddingAdapter: boolean translateIntentPredicates$lambda-8(java.util.Set,android.content.Intent)
io.flutter.embedding.engine.systemchannels.PlatformChannel$SystemUiMode: io.flutter.embedding.engine.systemchannels.PlatformChannel$SystemUiMode valueOf(java.lang.String)
io.flutter.embedding.engine.FlutterOverlaySurface: FlutterOverlaySurface(int,android.view.Surface)
androidx.window.layout.WindowInfoTracker
kotlin.jvm.internal.Lambda: int arity
androidx.window.embedding.EmbeddingCompat$Companion: boolean isEmbeddingAvailable()
io.flutter.embedding.engine.FlutterJNI: void dispatchPointerDataPacket(java.nio.ByteBuffer,int)
androidx.window.R$styleable: int[] SplitPairFilter
io.flutter.view.AccessibilityBridge$Flag: io.flutter.view.AccessibilityBridge$Flag[] values()
io.flutter.embedding.engine.renderer.SurfaceTextureWrapper
io.flutter.embedding.engine.FlutterJNI: boolean isCodePointRegionalIndicator(int)
androidx.window.embedding.ExtensionEmbeddingBackend: void registerRule(androidx.window.embedding.EmbeddingRule)
androidx.window.core.ExperimentalWindowApi
androidx.window.layout.SidecarCompat: void register(android.os.IBinder,android.app.Activity)
androidx.window.R$id: int locale