build/app/outputs/mapping/release/mapping.txt
# compiler: R8
# compiler_version: 2.1.62
# min_api: 16
# pg_map_id: e05aab6
# common_typos_disable
...
androidx.versionedparcelable.ParcelImpl -> androidx.versionedparcelable.ParcelImpl:
    androidx.versionedparcelable.VersionedParcelable mParcel -> d
androidx.versionedparcelable.ParcelImpl$1 -> androidx.versionedparcelable.ParcelImpl$a:
    androidx.versionedparcelable.ParcelImpl createFromParcel(android.os.Parcel) -> a
    androidx.versionedparcelable.ParcelImpl[] newArray(int) -> b
androidx.versionedparcelable.VersionedParcel -> androidx.versionedparcelable.a:
    androidx.collection.ArrayMap mParcelizerCache -> c
    androidx.collection.ArrayMap mReadCache -> a
    androidx.collection.ArrayMap mWriteCache -> b
    void writeByteArray(byte[]) -> A
    void writeByteArray(byte[],int) -> B
    void writeCharSequence(java.lang.CharSequence) -> C
    void writeCharSequence(java.lang.CharSequence,int) -> D
    void writeInt(int) -> E
    void writeInt(int,int) -> F
    void writeParcelable(android.os.Parcelable) -> G
    void writeParcelable(android.os.Parcelable,int) -> H
    void writeString(java.lang.String) -> I
    void writeString(java.lang.String,int) -> J
    void writeToParcel(androidx.versionedparcelable.VersionedParcelable,androidx.versionedparcelable.VersionedParcel) -> K
    void writeVersionedParcelable(androidx.versionedparcelable.VersionedParcelable) -> L
    void writeVersionedParcelable(androidx.versionedparcelable.VersionedParcelable,int) -> M
    void writeVersionedParcelableCreator(androidx.versionedparcelable.VersionedParcelable) -> N
    void closeField() -> a
    androidx.versionedparcelable.VersionedParcel createSubParcel() -> b
    java.lang.Class findParcelClass(java.lang.Class) -> c
    java.lang.reflect.Method getReadMethod(java.lang.String) -> d
    java.lang.reflect.Method getWriteMethod(java.lang.Class) -> e
    boolean isStream() -> f
    boolean readBoolean() -> g
    boolean readBoolean(boolean,int) -> h
androidx.versionedparcelable.VersionedParcelParcel -> androidx.versionedparcelable.b:
    android.util.SparseIntArray mPositionLookup -> d
    java.lang.String mPrefix -> h
    int mNextRead -> j
    android.os.Parcel mParcel -> e
    int mFieldId -> k
    int mCurrentField -> i
    int mOffset -> f
    int mEnd -> g
    void writeByteArray(byte[]) -> A
    void writeCharSequence(java.lang.CharSequence) -> C
    void writeInt(int) -> E
    void writeParcelable(android.os.Parcelable) -> G
    void writeString(java.lang.String) -> I
    void closeField() -> a
    androidx.versionedparcelable.VersionedParcel createSubParcel() -> b
    boolean readBoolean() -> g
    byte[] readByteArray() -> i
    java.lang.CharSequence readCharSequence() -> k
    boolean readField(int) -> m
    int readInt() -> o
    android.os.Parcelable readParcelable() -> q
    java.lang.String readString() -> s
    void setOutputField(int) -> w
    void writeBoolean(boolean) -> y
androidx.versionedparcelable.VersionedParcelable -> androidx.versionedparcelable.c:
androidx.window.embedding.-$$Lambda$EmbeddingAdapter$-QlFe7fckaSVTLCegr9_8uxVaa4 -> androidx.window.embedding.a:
    java.util.Set f$0 -> a
androidx.window.embedding.-$$Lambda$EmbeddingAdapter$nSea4sfI4EFFkXqov0va87aZ_68 -> androidx.window.embedding.b:
    androidx.window.embedding.SplitRule f$0 -> a
androidx.window.embedding.-$$Lambda$EmbeddingAdapter$x8eGFLpnqP7STokqkg3obw9dl5Q -> androidx.window.embedding.c:
    java.util.Set f$1 -> b
    androidx.window.embedding.EmbeddingAdapter f$0 -> a
androidx.window.embedding.-$$Lambda$EmbeddingAdapter$xf-Lop7h3ngH6EmzyuDyOYtb8Lk -> androidx.window.embedding.d:
    java.util.Set f$1 -> b
    androidx.window.embedding.EmbeddingAdapter f$0 -> a
androidx.window.embedding.-$$Lambda$EmbeddingAdapter$yScxR8XDNmwEhhX_T4Oe1hesc-c -> androidx.window.embedding.e:
    java.util.Set f$0 -> a