build/app/outputs/mapping/release/usage.txt
com.example.covapp19.R$id
com.example.covapp19.R$dimen
com.example.covapp19.R$style
com.example.covapp19.R$attr
com.example.covapp19.R$string
com.example.covapp19.R$integer
com.example.covapp19.R$layout
com.example.covapp19.R$drawable
com.example.covapp19.R$color
com.example.covapp19.R$xml
com.example.covapp19.BuildConfig
com.example.covapp19.R
com.example.covapp19.R$styleable
com.example.covapp19.R$mipmap
...
kotlin.comparisons.ComparisonsKt:
    private void <init>()
androidx.core.view.accessibility.AccessibilityViewCommand$SetProgressArguments
kotlin.sequences.SequencesKt___SequencesKt$minus$1$iterator$1
kotlinx.coroutines.channels.ChannelsKt__DeprecatedKt$firstOrNull$1
io.flutter.view.TextureRegistry:
    public abstract io.flutter.view.TextureRegistry$SurfaceTextureEntry registerSurfaceTexture(android.graphics.SurfaceTexture)
kotlinx.coroutines.flow.internal.ChannelFlowTransformLatest
androidx.fragment.app.FragmentManager$FragmentLifecycleCallbacks
kotlin.io.ExposingBufferByteArrayOutputStream
kotlinx.coroutines.scheduling.CoroutineScheduler$Worker:
    public final kotlinx.coroutines.scheduling.CoroutineScheduler getScheduler()
kotlin.Metadata
kotlin.collections.UIntIterator
androidx.lifecycle.ComputableLiveData$2
kotlin.CharCodeKt
org.intellij.lang.annotations.JdkConstants$AdjustableOrientation
androidx.core.util.DebugUtils
androidx.core.app.NotificationCompat
io.flutter.embedding.engine.systemchannels.KeyEventChannel:
    private static final java.lang.String TAG
kotlin.ranges.LongProgressionIterator
kotlinx.coroutines.flow.FlowKt__ChannelsKt$broadcastIn$1
kotlin.collections.ArraysKt___ArraysJvmKt$asList$4
io.flutter.embedding.engine.plugins.FlutterPlugin$FlutterPluginBinding:
    public io.flutter.embedding.engine.FlutterEngine getFlutterEngine()
    public io.flutter.view.TextureRegistry getTextureRegistry()
    public io.flutter.plugin.platform.PlatformViewRegistry getPlatformViewRegistry()
    public io.flutter.embedding.engine.plugins.FlutterPlugin$FlutterAssets getFlutterAssets()
kotlin.collections.UCollectionsKt
io.flutter.embedding.android.FlutterActivityLaunchConfigs
kotlin.jvm.functions.Function8:
    public abstract java.lang.Object invoke(java.lang.Object,java.lang.Object,java.lang.Object,java.lang.Object,java.lang.Object,java.lang.Object,java.lang.Object,java.lang.Object)
kotlinx.coroutines.flow.FlowKt__DelayKt$debounceInternal$1$3$1
androidx.collection.LongSparseArray
androidx.core.graphics.drawable.WrappedDrawableState
kotlin.KotlinNullPointerException
androidx.core.view.NestedScrollingChild2
kotlin.collections.MovingSubList
androidx.core.view.ViewCompat$Api23Impl
androidx.core.view.WindowInsetsCompat$Impl30
androidx.annotation.InterpolatorRes
androidx.core.provider.RequestExecutor$HandlerExecutor
kotlinx.coroutines.flow.FlowKt__ZipKt$combine$6$1
androidx.core.app.RemoteInput
androidx.core.view.ActionProvider$SubUiVisibilityListener
androidx.core.app.NotificationCompatBuilder
kotlin.collections.DoubleIterator
androidx.annotation.RestrictTo
kotlinx.coroutines.BuildersKt__Builders_commonKt:
    public static final kotlinx.coroutines.Deferred async(kotlinx.coroutines.CoroutineScope,kotlin.coroutines.CoroutineContext,kotlinx.coroutines.CoroutineStart,kotlin.jvm.functions.Function2)
    public static synthetic kotlinx.coroutines.Deferred async$default(kotlinx.coroutines.CoroutineScope,kotlin.coroutines.CoroutineContext,kotlinx.coroutines.CoroutineStart,kotlin.jvm.functions.Function2,int,java.lang.Object)
    public static final java.lang.Object withContext(kotlin.coroutines.CoroutineContext,kotlin.jvm.functions.Function2,kotlin.coroutines.Continuation)
    public static final java.lang.Object invoke(kotlinx.coroutines.CoroutineDispatcher,kotlin.jvm.functions.Function2,kotlin.coroutines.Continuation)
    private static final java.lang.Object invoke$$forInline(kotlinx.coroutines.CoroutineDispatcher,kotlin.jvm.functions.Function2,kotlin.coroutines.Continuation)
    private static final int UNDECIDED
    private static final int SUSPENDED
    private static final int RESUMED
kotlinx.coroutines.SupervisorKt
kotlin.time.DurationKt
kotlin.text.UStringsKt
kotlin.jvm.internal.DefaultConstructorMarker:
    private void <init>()
kotlinx.coroutines.SupervisorCoroutine